<?xml version="1.0" encoding="UTF-8" ?>
<testsuite tests="9" failures="0" name="com.datecheck.DateCheckerServiceTest" time="0.015" errors="0" skipped="0">
  <properties>
    <property name="java.runtime.name" value="Java(TM) SE Runtime Environment"/>
    <property name="java.vm.version" value="11.0.9+7-LTS"/>
    <property name="sun.boot.library.path" value="/Library/Java/JavaVirtualMachines/jdk-11.0.9.jdk/Contents/Home/lib"/>
    <property name="gopherProxySet" value="false"/>
    <property name="maven.multiModuleProjectDirectory" value="/Users/dwhitham/eclipse-workspace/DateChecker"/>
    <property name="java.vm.vendor" value="Oracle Corporation"/>
    <property name="java.vendor.url" value="https://openjdk.java.net/"/>
    <property name="guice.disable.misplaced.annotation.check" value="true"/>
    <property name="path.separator" value=":"/>
    <property name="java.vm.name" value="Java HotSpot(TM) 64-Bit Server VM"/>
    <property name="sun.os.patch.level" value="unknown"/>
    <property name="user.country" value="GB"/>
    <property name="sun.java.launcher" value="SUN_STANDARD"/>
    <property name="java.vm.specification.name" value="Java Virtual Machine Specification"/>
    <property name="user.dir" value="/Users/dwhitham/eclipse-workspace/DateChecker"/>
    <property name="java.vm.compressedOopsMode" value="Zero based"/>
    <property name="java.runtime.version" value="11.0.9+7-LTS"/>
    <property name="java.awt.graphicsenv" value="sun.awt.CGraphicsEnvironment"/>
    <property name="os.arch" value="x86_64"/>
    <property name="java.io.tmpdir" value="/var/folders/jj/_4k5r0z10rz5wkw590xqfbbh0000gp/T/"/>
    <property name="line.separator" value="
"/>
    <property name="java.vm.specification.vendor" value="Oracle Corporation"/>
    <property name="os.name" value="Mac OS X"/>
    <property name="classworlds.conf" value="/usr/local/bin/apache-maven-3.6.3/bin/m2.conf"/>
    <property name="sun.jnu.encoding" value="UTF-8"/>
    <property name="java.library.path" value="/Users/dwhitham/Library/Java/Extensions:/Library/Java/Extensions:/Network/Library/Java/Extensions:/System/Library/Java/Extensions:/usr/lib/java:."/>
    <property name="maven.conf" value="/usr/local/bin/apache-maven-3.6.3/conf"/>
    <property name="jdk.debug" value="release"/>
    <property name="java.class.version" value="55.0"/>
    <property name="java.specification.name" value="Java Platform API Specification"/>
    <property name="sun.management.compiler" value="HotSpot 64-Bit Tiered Compilers"/>
    <property name="os.version" value="10.15.7"/>
    <property name="library.jansi.path" value="/usr/local/bin/apache-maven-3.6.3/lib/jansi-native"/>
    <property name="http.nonProxyHosts" value="local|*.local|169.254/16|*.169.254/16"/>
    <property name="user.home" value="/Users/dwhitham"/>
    <property name="user.timezone" value="Europe/London"/>
    <property name="java.awt.printerjob" value="sun.lwawt.macosx.CPrinterJob"/>
    <property name="file.encoding" value="UTF-8"/>
    <property name="java.specification.version" value="11"/>
    <property name="user.name" value="dwhitham"/>
    <property name="java.class.path" value="/usr/local/bin/apache-maven-3.6.3/boot/plexus-classworlds-2.6.0.jar"/>
    <property name="java.vm.specification.version" value="11"/>
    <property name="sun.arch.data.model" value="64"/>
    <property name="sun.java.command" value="org.codehaus.plexus.classworlds.launcher.Launcher test"/>
    <property name="java.home" value="/Library/Java/JavaVirtualMachines/jdk-11.0.9.jdk/Contents/Home"/>
    <property name="user.language" value="en"/>
    <property name="java.specification.vendor" value="Oracle Corporation"/>
    <property name="awt.toolkit" value="sun.lwawt.macosx.LWCToolkit"/>
    <property name="java.vm.info" value="mixed mode"/>
    <property name="java.version" value="11.0.9"/>
    <property name="java.vendor" value="Oracle Corporation"/>
    <property name="maven.home" value="/usr/local/bin/apache-maven-3.6.3"/>
    <property name="file.separator" value="/"/>
    <property name="java.version.date" value="2020-10-20"/>
    <property name="java.vendor.url.bug" value="https://bugreport.java.com/bugreport/"/>
    <property name="sun.io.unicode.encoding" value="UnicodeBig"/>
    <property name="sun.cpu.endian" value="little"/>
    <property name="java.vendor.version" value="18.9"/>
    <property name="socksNonProxyHosts" value="local|*.local|169.254/16|*.169.254/16"/>
    <property name="ftp.nonProxyHosts" value="local|*.local|169.254/16|*.169.254/16"/>
    <property name="sun.cpu.isalist" value=""/>
  </properties>
  <testcase classname="com.datecheck.DateCheckerServiceTest" name="givenCheckerService_whenCallBackIsMoreThanSevenDays_thenTheDateIsInvalid" time="0.013"/>
  <testcase classname="com.datecheck.DateCheckerServiceTest" name="givenCheckerService_whenCallBackIsLessThanTwoHours_thenTheDateIsInvalid" time="0"/>
  <testcase classname="com.datecheck.DateCheckerServiceTest" name="givenCheckerService_whenCallBackIsOnSunday_thenTheDateIsInvalid" time="0"/>
  <testcase classname="com.datecheck.DateCheckerServiceTest" name="givenCheckerService_whenCallBackIsWithinWorkingHoursOnSaturday_thenTheDateIsValid" time="0"/>
  <testcase classname="com.datecheck.DateCheckerServiceTest" name="givenCheckerService_whenCallBackIsBeforeWorkingHoursOnSaturday_thenTheDateIsInValid" time="0"/>
  <testcase classname="com.datecheck.DateCheckerServiceTest" name="givenCheckerService_whenCallBackIsAfterWorkingHoursOnSaturday_thenTheDateIsInValid" time="0.001"/>
  <testcase classname="com.datecheck.DateCheckerServiceTest" name="givenCheckerService_whenCallBackIsWithinWorkingHoursOnWednesday_thenTheDateIsValid" time="0.001"/>
  <testcase classname="com.datecheck.DateCheckerServiceTest" name="givenCheckerService_whenCallBackIsAfterWorkingHoursOnWednesday_thenTheDateIsInValid" time="0"/>
  <testcase classname="com.datecheck.DateCheckerServiceTest" name="givenCheckerService_whenCallBackIsNineAmExactlyWithinWorkingHoursOnWednesday_thenTheDateIsValid" time="0"/>
</testsuite>